<?xml version="1.0" encoding="UTF-8"?>
<!-- Generated by org.testng.reporters.JUnitReportReporter -->
<testsuite hostname="LAPTOP-VLLNHLMJ" failures="0" tests="4" name="AppTest" time="1.022" errors="0" timestamp="2025-05-12T23:46:50 GMT+03:00" skipped="0">
  <testcase classname="AppTest" name="InsertIntoDataBase" time="0.050"/>
  <system-out/>
  <testcase classname="AppTest" name="UpdateDateBase" time="0.020"/>
  <system-out/>
  <testcase classname="AppTest" name="ReadDateBase" time="0.937"/>
  <system-out/>
  <testcase classname="AppTest" name="DeleteDateBase" time="0.015"/>
  <system-out/>
</testsuite> <!-- AppTest -->
